{"timestamp":"2026-03-17T14:53:37.143743Z","level":"info","event":"DAG bundles loaded: dags-folder","logger":"airflow.dag_processing.bundles.manager.DagBundlesManager","filename":"manager.py","lineno":179}
{"timestamp":"2026-03-17T14:53:37.148997Z","level":"info","event":"Filling up the DagBag from /opt/airflow/dags/airbnb_pipeline.py","logger":"airflow.models.dagbag.BundleDagBag","filename":"dagbag.py","lineno":593}
{"timestamp":"2026-03-17T14:53:37.260140Z","level":"info","event":"Tmp dir root location: /tmp","logger":"airflow.task.hooks.airflow.providers.standard.hooks.subprocess.SubprocessHook","filename":"subprocess.py","lineno":78}
{"timestamp":"2026-03-17T14:53:37.261921Z","level":"info","event":"Running command: ['/usr/bin/bash', '-c', 'cd /opt/airflow/dbt_project && dbt run --select silver --profiles-dir .']","logger":"airflow.task.hooks.airflow.providers.standard.hooks.subprocess.SubprocessHook","filename":"subprocess.py","lineno":80}
{"timestamp":"2026-03-17T14:53:37.263195Z","level":"info","event":"Output:","logger":"airflow.task.hooks.airflow.providers.standard.hooks.subprocess.SubprocessHook","filename":"subprocess.py","lineno":92}
{"timestamp":"2026-03-17T14:53:39.820559Z","level":"info","event":"\u001b[0m14:53:39  Running with dbt=1.11.7","logger":"airflow.task.hooks.airflow.providers.standard.hooks.subprocess.SubprocessHook","filename":"subprocess.py","lineno":99}
{"timestamp":"2026-03-17T14:53:41.159219Z","level":"info","event":"\u001b[0m14:53:41  Registered adapter: snowflake=1.11.3","logger":"airflow.task.hooks.airflow.providers.standard.hooks.subprocess.SubprocessHook","filename":"subprocess.py","lineno":99}
{"timestamp":"2026-03-17T14:53:42.467448Z","level":"info","event":"\u001b[0m14:53:42  Found 11 models, 3 analyses, 11 data tests, 1 seed, 3 snapshots, 3 sources, 526 macros","logger":"airflow.task.hooks.airflow.providers.standard.hooks.subprocess.SubprocessHook","filename":"subprocess.py","lineno":99}
{"timestamp":"2026-03-17T14:53:42.470889Z","level":"info","event":"\u001b[0m14:53:42","logger":"airflow.task.hooks.airflow.providers.standard.hooks.subprocess.SubprocessHook","filename":"subprocess.py","lineno":99}
{"timestamp":"2026-03-17T14:53:42.471615Z","level":"info","event":"\u001b[0m14:53:42  Concurrency: 1 threads (target='dev')","logger":"airflow.task.hooks.airflow.providers.standard.hooks.subprocess.SubprocessHook","filename":"subprocess.py","lineno":99}
{"timestamp":"2026-03-17T14:53:42.472243Z","level":"info","event":"\u001b[0m14:53:42","logger":"airflow.task.hooks.airflow.providers.standard.hooks.subprocess.SubprocessHook","filename":"subprocess.py","lineno":99}
{"timestamp":"2026-03-17T14:53:47.034610Z","level":"info","event":"\u001b[0m14:53:47  1 of 3 START sql incremental model silver.silver_bookings ...................... [RUN]","logger":"airflow.task.hooks.airflow.providers.standard.hooks.subprocess.SubprocessHook","filename":"subprocess.py","lineno":99}
{"timestamp":"2026-03-17T14:53:52.177151Z","level":"info","event":"\u001b[0m14:53:52  1 of 3 OK created sql incremental model silver.silver_bookings ................. [\u001b[32mSUCCESS 5000\u001b[0m in 5.14s]","logger":"airflow.task.hooks.airflow.providers.standard.hooks.subprocess.SubprocessHook","filename":"subprocess.py","lineno":99}
{"timestamp":"2026-03-17T14:53:52.180735Z","level":"info","event":"\u001b[0m14:53:52  2 of 3 START sql incremental model silver.silver_hosts ......................... [RUN]","logger":"airflow.task.hooks.airflow.providers.standard.hooks.subprocess.SubprocessHook","filename":"subprocess.py","lineno":99}
{"timestamp":"2026-03-17T14:53:56.446255Z","level":"info","event":"\u001b[0m14:53:56  2 of 3 OK created sql incremental model silver.silver_hosts .................... [\u001b[32mSUCCESS 200\u001b[0m in 4.26s]","logger":"airflow.task.hooks.airflow.providers.standard.hooks.subprocess.SubprocessHook","filename":"subprocess.py","lineno":99}
{"timestamp":"2026-03-17T14:53:56.452516Z","level":"info","event":"\u001b[0m14:53:56  3 of 3 START sql incremental model silver.silver_listings ...................... [RUN]","logger":"airflow.task.hooks.airflow.providers.standard.hooks.subprocess.SubprocessHook","filename":"subprocess.py","lineno":99}
{"timestamp":"2026-03-17T14:53:59.937122Z","level":"info","event":"\u001b[0m14:53:59  3 of 3 OK created sql incremental model silver.silver_listings ................. [\u001b[32mSUCCESS 500\u001b[0m in 3.48s]","logger":"airflow.task.hooks.airflow.providers.standard.hooks.subprocess.SubprocessHook","filename":"subprocess.py","lineno":99}
{"timestamp":"2026-03-17T14:54:00.331291Z","level":"info","event":"\u001b[0m14:54:00","logger":"airflow.task.hooks.airflow.providers.standard.hooks.subprocess.SubprocessHook","filename":"subprocess.py","lineno":99}
{"timestamp":"2026-03-17T14:54:00.332760Z","level":"info","event":"\u001b[0m14:54:00  Finished running 3 incremental models in 0 hours 0 minutes and 17.86 seconds (17.86s).","logger":"airflow.task.hooks.airflow.providers.standard.hooks.subprocess.SubprocessHook","filename":"subprocess.py","lineno":99}
{"timestamp":"2026-03-17T14:54:00.418068Z","level":"info","event":"\u001b[0m14:54:00","logger":"airflow.task.hooks.airflow.providers.standard.hooks.subprocess.SubprocessHook","filename":"subprocess.py","lineno":99}
{"timestamp":"2026-03-17T14:54:00.419125Z","level":"info","event":"\u001b[0m14:54:00  \u001b[32mCompleted successfully\u001b[0m","logger":"airflow.task.hooks.airflow.providers.standard.hooks.subprocess.SubprocessHook","filename":"subprocess.py","lineno":99}
{"timestamp":"2026-03-17T14:54:00.419919Z","level":"info","event":"\u001b[0m14:54:00","logger":"airflow.task.hooks.airflow.providers.standard.hooks.subprocess.SubprocessHook","filename":"subprocess.py","lineno":99}
{"timestamp":"2026-03-17T14:54:00.420726Z","level":"info","event":"\u001b[0m14:54:00  Done. PASS=3 WARN=0 ERROR=0 SKIP=0 NO-OP=0 TOTAL=3","logger":"airflow.task.hooks.airflow.providers.standard.hooks.subprocess.SubprocessHook","filename":"subprocess.py","lineno":99}
{"timestamp":"2026-03-17T14:54:02.451430Z","level":"info","event":"Command exited with return code 0","logger":"airflow.task.hooks.airflow.providers.standard.hooks.subprocess.SubprocessHook","filename":"subprocess.py","lineno":103}
{"timestamp":"2026-03-17T14:54:02.453546Z","level":"info","event":"Pushing xcom","ti":"RuntimeTaskInstance(id=UUID('019cfc48-efa6-7237-8a74-94dea7a8b6ec'), task_id='dbt_silver', dag_id='aws_dbt_snowflake_project', run_id='scheduled__2026-03-17T00:00:00+00:00', try_number=1, dag_version_id=UUID('019cf28f-af4b-701b-9358-f45c28c3b2e3'), map_index=-1, hostname='9870414b35f2', context_carrier={}, task=<Task(_BashDecoratedOperator): dbt_silver>, bundle_instance=LocalDagBundle(name=dags-folder), max_tries=0, start_date=datetime.datetime(2026, 3, 17, 14, 53, 37, 45061, tzinfo=datetime.timezone.utc), end_date=None, state=<TaskInstanceState.RUNNING: 'running'>, is_mapped=False, rendered_map_index=None)","logger":"task","filename":"task_runner.py","lineno":1522}
