{"timestamp":"2026-03-15T17:35:12.395974Z","level":"info","event":"DAG bundles loaded: dags-folder","logger":"airflow.dag_processing.bundles.manager.DagBundlesManager","filename":"manager.py","lineno":179}
{"timestamp":"2026-03-15T17:35:12.397413Z","level":"info","event":"Filling up the DagBag from /opt/airflow/dags/airbnb_pipeline.py","logger":"airflow.models.dagbag.BundleDagBag","filename":"dagbag.py","lineno":593}
{"timestamp":"2026-03-15T17:35:12.437579Z","level":"info","event":"Tmp dir root location: /tmp","logger":"airflow.task.hooks.airflow.providers.standard.hooks.subprocess.SubprocessHook","filename":"subprocess.py","lineno":78}
{"timestamp":"2026-03-15T17:35:12.438808Z","level":"info","event":"Running command: ['/usr/bin/bash', '-c', 'cd /opt/airflow/dbt_project && dbt run --select gold --profiles-dir .']","logger":"airflow.task.hooks.airflow.providers.standard.hooks.subprocess.SubprocessHook","filename":"subprocess.py","lineno":80}
{"timestamp":"2026-03-15T17:35:12.439528Z","level":"info","event":"Output:","logger":"airflow.task.hooks.airflow.providers.standard.hooks.subprocess.SubprocessHook","filename":"subprocess.py","lineno":92}
{"timestamp":"2026-03-15T17:35:14.052564Z","level":"info","event":"\u001b[0m17:35:14  Running with dbt=1.11.7","logger":"airflow.task.hooks.airflow.providers.standard.hooks.subprocess.SubprocessHook","filename":"subprocess.py","lineno":99}
{"timestamp":"2026-03-15T17:35:14.888772Z","level":"info","event":"\u001b[0m17:35:14  Registered adapter: snowflake=1.11.3","logger":"airflow.task.hooks.airflow.providers.standard.hooks.subprocess.SubprocessHook","filename":"subprocess.py","lineno":99}
{"timestamp":"2026-03-15T17:35:15.741610Z","level":"info","event":"\u001b[0m17:35:15  Found 11 models, 3 analyses, 1 test, 3 snapshots, 3 sources, 526 macros","logger":"airflow.task.hooks.airflow.providers.standard.hooks.subprocess.SubprocessHook","filename":"subprocess.py","lineno":99}
{"timestamp":"2026-03-15T17:35:15.744776Z","level":"info","event":"\u001b[0m17:35:15","logger":"airflow.task.hooks.airflow.providers.standard.hooks.subprocess.SubprocessHook","filename":"subprocess.py","lineno":99}
{"timestamp":"2026-03-15T17:35:15.745473Z","level":"info","event":"\u001b[0m17:35:15  Concurrency: 1 threads (target='dev')","logger":"airflow.task.hooks.airflow.providers.standard.hooks.subprocess.SubprocessHook","filename":"subprocess.py","lineno":99}
{"timestamp":"2026-03-15T17:35:15.746059Z","level":"info","event":"\u001b[0m17:35:15","logger":"airflow.task.hooks.airflow.providers.standard.hooks.subprocess.SubprocessHook","filename":"subprocess.py","lineno":99}
{"timestamp":"2026-03-15T17:35:18.602058Z","level":"info","event":"\u001b[0m17:35:18  1 of 2 START sql table model gold.fact ......................................... [RUN]","logger":"airflow.task.hooks.airflow.providers.standard.hooks.subprocess.SubprocessHook","filename":"subprocess.py","lineno":99}
{"timestamp":"2026-03-15T17:36:47.764772Z","level":"info","event":"\u001b[0m17:36:47  1 of 2 OK created sql table model gold.fact .................................... [\u001b[32mSUCCESS 103992768\u001b[0m in 89.16s]","logger":"airflow.task.hooks.airflow.providers.standard.hooks.subprocess.SubprocessHook","filename":"subprocess.py","lineno":99}
{"timestamp":"2026-03-15T17:36:47.767233Z","level":"info","event":"\u001b[0m17:36:47  2 of 2 START sql table model gold.obt .......................................... [RUN]","logger":"airflow.task.hooks.airflow.providers.standard.hooks.subprocess.SubprocessHook","filename":"subprocess.py","lineno":99}
{"timestamp":"2026-03-15T17:36:48.917364Z","level":"info","event":"\u001b[0m17:36:48  2 of 2 OK created sql table model gold.obt ..................................... [\u001b[32mSUCCESS 40000\u001b[0m in 1.15s]","logger":"airflow.task.hooks.airflow.providers.standard.hooks.subprocess.SubprocessHook","filename":"subprocess.py","lineno":99}
{"timestamp":"2026-03-15T17:36:49.194816Z","level":"info","event":"\u001b[0m17:36:49","logger":"airflow.task.hooks.airflow.providers.standard.hooks.subprocess.SubprocessHook","filename":"subprocess.py","lineno":99}
{"timestamp":"2026-03-15T17:36:49.195656Z","level":"info","event":"\u001b[0m17:36:49  Finished running 2 table models in 0 hours 1 minutes and 33.45 seconds (93.45s).","logger":"airflow.task.hooks.airflow.providers.standard.hooks.subprocess.SubprocessHook","filename":"subprocess.py","lineno":99}
{"timestamp":"2026-03-15T17:36:49.252459Z","level":"info","event":"\u001b[0m17:36:49","logger":"airflow.task.hooks.airflow.providers.standard.hooks.subprocess.SubprocessHook","filename":"subprocess.py","lineno":99}
{"timestamp":"2026-03-15T17:36:49.253082Z","level":"info","event":"\u001b[0m17:36:49  \u001b[32mCompleted successfully\u001b[0m","logger":"airflow.task.hooks.airflow.providers.standard.hooks.subprocess.SubprocessHook","filename":"subprocess.py","lineno":99}
{"timestamp":"2026-03-15T17:36:49.253700Z","level":"info","event":"\u001b[0m17:36:49","logger":"airflow.task.hooks.airflow.providers.standard.hooks.subprocess.SubprocessHook","filename":"subprocess.py","lineno":99}
{"timestamp":"2026-03-15T17:36:49.254262Z","level":"info","event":"\u001b[0m17:36:49  Done. PASS=2 WARN=0 ERROR=0 SKIP=0 NO-OP=0 TOTAL=2","logger":"airflow.task.hooks.airflow.providers.standard.hooks.subprocess.SubprocessHook","filename":"subprocess.py","lineno":99}
{"timestamp":"2026-03-15T17:36:51.014362Z","level":"info","event":"Command exited with return code 0","logger":"airflow.task.hooks.airflow.providers.standard.hooks.subprocess.SubprocessHook","filename":"subprocess.py","lineno":103}
{"timestamp":"2026-03-15T17:36:51.015600Z","level":"info","event":"Pushing xcom","ti":"RuntimeTaskInstance(id=UUID('019cf290-26c8-7e28-9ccf-7f7fc0d410ff'), task_id='dbt_gold', dag_id='aws_dbt_snowflake_project', run_id='manual__2026-03-15T17:34:19.298621+00:00', try_number=1, dag_version_id=UUID('019cf28f-af4b-701b-9358-f45c28c3b2e3'), map_index=-1, hostname='9870414b35f2', context_carrier={}, task=<Task(_BashDecoratedOperator): dbt_gold>, bundle_instance=LocalDagBundle(name=dags-folder), max_tries=0, start_date=datetime.datetime(2026, 3, 15, 17, 35, 12, 354147, tzinfo=datetime.timezone.utc), end_date=None, state=<TaskInstanceState.RUNNING: 'running'>, is_mapped=False, rendered_map_index=None)","logger":"task","filename":"task_runner.py","lineno":1522}
