{"timestamp":"2026-03-16T21:37:25.989836Z","level":"info","event":"DAG bundles loaded: dags-folder","logger":"airflow.dag_processing.bundles.manager.DagBundlesManager","filename":"manager.py","lineno":179}
{"timestamp":"2026-03-16T21:37:26.001224Z","level":"info","event":"Filling up the DagBag from /opt/airflow/dags/airbnb_pipeline.py","logger":"airflow.models.dagbag.BundleDagBag","filename":"dagbag.py","lineno":593}
{"timestamp":"2026-03-16T21:37:26.288356Z","level":"info","event":"Tmp dir root location: /tmp","logger":"airflow.task.hooks.airflow.providers.standard.hooks.subprocess.SubprocessHook","filename":"subprocess.py","lineno":78}
{"timestamp":"2026-03-16T21:37:26.296760Z","level":"info","event":"Running command: ['/usr/bin/bash', '-c', 'cd /opt/airflow/dbt_project && dbt run --select gold --profiles-dir .']","logger":"airflow.task.hooks.airflow.providers.standard.hooks.subprocess.SubprocessHook","filename":"subprocess.py","lineno":80}
{"timestamp":"2026-03-16T21:37:26.300075Z","level":"info","event":"Output:","logger":"airflow.task.hooks.airflow.providers.standard.hooks.subprocess.SubprocessHook","filename":"subprocess.py","lineno":92}
{"timestamp":"2026-03-16T21:37:29.255861Z","level":"info","event":"\u001b[0m21:37:29  Running with dbt=1.11.7","logger":"airflow.task.hooks.airflow.providers.standard.hooks.subprocess.SubprocessHook","filename":"subprocess.py","lineno":99}
{"timestamp":"2026-03-16T21:37:30.930333Z","level":"info","event":"\u001b[0m21:37:30  Registered adapter: snowflake=1.11.3","logger":"airflow.task.hooks.airflow.providers.standard.hooks.subprocess.SubprocessHook","filename":"subprocess.py","lineno":99}
{"timestamp":"2026-03-16T21:37:32.118237Z","level":"info","event":"\u001b[0m21:37:32  Found 11 models, 3 analyses, 1 test, 1 seed, 3 snapshots, 3 sources, 526 macros","logger":"airflow.task.hooks.airflow.providers.standard.hooks.subprocess.SubprocessHook","filename":"subprocess.py","lineno":99}
{"timestamp":"2026-03-16T21:37:32.122565Z","level":"info","event":"\u001b[0m21:37:32","logger":"airflow.task.hooks.airflow.providers.standard.hooks.subprocess.SubprocessHook","filename":"subprocess.py","lineno":99}
{"timestamp":"2026-03-16T21:37:32.124465Z","level":"info","event":"\u001b[0m21:37:32  Concurrency: 1 threads (target='dev')","logger":"airflow.task.hooks.airflow.providers.standard.hooks.subprocess.SubprocessHook","filename":"subprocess.py","lineno":99}
{"timestamp":"2026-03-16T21:37:32.126192Z","level":"info","event":"\u001b[0m21:37:32","logger":"airflow.task.hooks.airflow.providers.standard.hooks.subprocess.SubprocessHook","filename":"subprocess.py","lineno":99}
{"timestamp":"2026-03-16T21:37:34.134396Z","level":"info","event":"\u001b[0m21:37:34  1 of 2 START sql table model gold.obt .......................................... [RUN]","logger":"airflow.task.hooks.airflow.providers.standard.hooks.subprocess.SubprocessHook","filename":"subprocess.py","lineno":99}
{"timestamp":"2026-03-16T21:37:35.399833Z","level":"info","event":"\u001b[0m21:37:35  1 of 2 OK created sql table model gold.obt ..................................... [\u001b[32mSUCCESS 5000\u001b[0m in 1.26s]","logger":"airflow.task.hooks.airflow.providers.standard.hooks.subprocess.SubprocessHook","filename":"subprocess.py","lineno":99}
{"timestamp":"2026-03-16T21:37:35.436880Z","level":"info","event":"\u001b[0m21:37:35  2 of 2 START sql table model gold.fact ......................................... [RUN]","logger":"airflow.task.hooks.airflow.providers.standard.hooks.subprocess.SubprocessHook","filename":"subprocess.py","lineno":99}
{"timestamp":"2026-03-16T21:37:36.062051Z","level":"info","event":"\u001b[0m21:37:36  2 of 2 OK created sql table model gold.fact .................................... [\u001b[32mSUCCESS 5000\u001b[0m in 0.62s]","logger":"airflow.task.hooks.airflow.providers.standard.hooks.subprocess.SubprocessHook","filename":"subprocess.py","lineno":99}
{"timestamp":"2026-03-16T21:37:36.377029Z","level":"info","event":"\u001b[0m21:37:36","logger":"airflow.task.hooks.airflow.providers.standard.hooks.subprocess.SubprocessHook","filename":"subprocess.py","lineno":99}
{"timestamp":"2026-03-16T21:37:36.378118Z","level":"info","event":"\u001b[0m21:37:36  Finished running 2 table models in 0 hours 0 minutes and 4.25 seconds (4.25s).","logger":"airflow.task.hooks.airflow.providers.standard.hooks.subprocess.SubprocessHook","filename":"subprocess.py","lineno":99}
{"timestamp":"2026-03-16T21:37:36.473928Z","level":"info","event":"\u001b[0m21:37:36","logger":"airflow.task.hooks.airflow.providers.standard.hooks.subprocess.SubprocessHook","filename":"subprocess.py","lineno":99}
{"timestamp":"2026-03-16T21:37:36.475256Z","level":"info","event":"\u001b[0m21:37:36  \u001b[32mCompleted successfully\u001b[0m","logger":"airflow.task.hooks.airflow.providers.standard.hooks.subprocess.SubprocessHook","filename":"subprocess.py","lineno":99}
{"timestamp":"2026-03-16T21:37:36.476674Z","level":"info","event":"\u001b[0m21:37:36","logger":"airflow.task.hooks.airflow.providers.standard.hooks.subprocess.SubprocessHook","filename":"subprocess.py","lineno":99}
{"timestamp":"2026-03-16T21:37:36.478893Z","level":"info","event":"\u001b[0m21:37:36  Done. PASS=2 WARN=0 ERROR=0 SKIP=0 NO-OP=0 TOTAL=2","logger":"airflow.task.hooks.airflow.providers.standard.hooks.subprocess.SubprocessHook","filename":"subprocess.py","lineno":99}
{"timestamp":"2026-03-16T21:37:38.478982Z","level":"info","event":"Command exited with return code 0","logger":"airflow.task.hooks.airflow.providers.standard.hooks.subprocess.SubprocessHook","filename":"subprocess.py","lineno":103}
{"timestamp":"2026-03-16T21:37:38.480338Z","level":"info","event":"Pushing xcom","ti":"RuntimeTaskInstance(id=UUID('019cf894-28e2-719a-a4a7-62fdafa75c98'), task_id='dbt_gold', dag_id='aws_dbt_snowflake_project', run_id='manual__2026-03-16T21:36:25.258907+00:00', try_number=1, dag_version_id=UUID('019cf28f-af4b-701b-9358-f45c28c3b2e3'), map_index=-1, hostname='9870414b35f2', context_carrier={}, task=<Task(_BashDecoratedOperator): dbt_gold>, bundle_instance=LocalDagBundle(name=dags-folder), max_tries=0, start_date=datetime.datetime(2026, 3, 16, 21, 37, 25, 712713, tzinfo=datetime.timezone.utc), end_date=None, state=<TaskInstanceState.RUNNING: 'running'>, is_mapped=False, rendered_map_index=None)","logger":"task","filename":"task_runner.py","lineno":1522}
