{"timestamp":"2026-03-15T15:55:11.907547Z","level":"info","event":"DAG bundles loaded: dags-folder","logger":"airflow.dag_processing.bundles.manager.DagBundlesManager","filename":"manager.py","lineno":179}
{"timestamp":"2026-03-15T15:55:11.915309Z","level":"info","event":"Filling up the DagBag from /opt/airflow/dags/airbnb_pipeline.py","logger":"airflow.models.dagbag.BundleDagBag","filename":"dagbag.py","lineno":593}
{"timestamp":"2026-03-15T15:55:12.183789Z","level":"info","event":"Tmp dir root location: /tmp","logger":"airflow.task.hooks.airflow.providers.standard.hooks.subprocess.SubprocessHook","filename":"subprocess.py","lineno":78}
{"timestamp":"2026-03-15T15:55:12.192073Z","level":"info","event":"Running command: ['/usr/bin/bash', '-c', 'cd /opt/airflow/dbt_project && dbt snapshot --profiles-dir .']","logger":"airflow.task.hooks.airflow.providers.standard.hooks.subprocess.SubprocessHook","filename":"subprocess.py","lineno":80}
{"timestamp":"2026-03-15T15:55:12.194228Z","level":"info","event":"Output:","logger":"airflow.task.hooks.airflow.providers.standard.hooks.subprocess.SubprocessHook","filename":"subprocess.py","lineno":92}
{"timestamp":"2026-03-15T15:55:15.652009Z","level":"info","event":"\u001b[0m15:55:15  Running with dbt=1.11.7","logger":"airflow.task.hooks.airflow.providers.standard.hooks.subprocess.SubprocessHook","filename":"subprocess.py","lineno":99}
{"timestamp":"2026-03-15T15:55:19.548771Z","level":"info","event":"\u001b[0m15:55:19  Registered adapter: snowflake=1.11.3","logger":"airflow.task.hooks.airflow.providers.standard.hooks.subprocess.SubprocessHook","filename":"subprocess.py","lineno":99}
{"timestamp":"2026-03-15T15:55:23.686189Z","level":"info","event":"\u001b[0m15:55:23  Found 11 models, 3 analyses, 1 test, 3 snapshots, 3 sources, 526 macros","logger":"airflow.task.hooks.airflow.providers.standard.hooks.subprocess.SubprocessHook","filename":"subprocess.py","lineno":99}
{"timestamp":"2026-03-15T15:55:23.691526Z","level":"info","event":"\u001b[0m15:55:23","logger":"airflow.task.hooks.airflow.providers.standard.hooks.subprocess.SubprocessHook","filename":"subprocess.py","lineno":99}
{"timestamp":"2026-03-15T15:55:23.692674Z","level":"info","event":"\u001b[0m15:55:23  Concurrency: 1 threads (target='dev')","logger":"airflow.task.hooks.airflow.providers.standard.hooks.subprocess.SubprocessHook","filename":"subprocess.py","lineno":99}
{"timestamp":"2026-03-15T15:55:23.693524Z","level":"info","event":"\u001b[0m15:55:23","logger":"airflow.task.hooks.airflow.providers.standard.hooks.subprocess.SubprocessHook","filename":"subprocess.py","lineno":99}
{"timestamp":"2026-03-15T15:55:29.669238Z","level":"info","event":"\u001b[0m15:55:29  1 of 3 START snapshot gold.dim_bookings ........................................ [RUN]","logger":"airflow.task.hooks.airflow.providers.standard.hooks.subprocess.SubprocessHook","filename":"subprocess.py","lineno":99}
{"timestamp":"2026-03-15T15:55:35.460532Z","level":"info","event":"\u001b[0m15:55:35  1 of 3 OK snapshotted gold.dim_bookings ........................................ [\u001b[32mSUCCESS 0\u001b[0m in 5.77s]","logger":"airflow.task.hooks.airflow.providers.standard.hooks.subprocess.SubprocessHook","filename":"subprocess.py","lineno":99}
{"timestamp":"2026-03-15T15:55:35.478672Z","level":"info","event":"\u001b[0m15:55:35  2 of 3 START snapshot gold.dim_hosts ........................................... [RUN]","logger":"airflow.task.hooks.airflow.providers.standard.hooks.subprocess.SubprocessHook","filename":"subprocess.py","lineno":99}
{"timestamp":"2026-03-15T15:55:41.125689Z","level":"info","event":"\u001b[0m15:55:41  2 of 3 OK snapshotted gold.dim_hosts ........................................... [\u001b[32mSUCCESS 0\u001b[0m in 5.64s]","logger":"airflow.task.hooks.airflow.providers.standard.hooks.subprocess.SubprocessHook","filename":"subprocess.py","lineno":99}
{"timestamp":"2026-03-15T15:55:41.129301Z","level":"info","event":"\u001b[0m15:55:41  3 of 3 START snapshot gold.dim_listings ........................................ [RUN]","logger":"airflow.task.hooks.airflow.providers.standard.hooks.subprocess.SubprocessHook","filename":"subprocess.py","lineno":99}
{"timestamp":"2026-03-15T15:55:44.401291Z","level":"info","event":"\u001b[0m15:55:44  3 of 3 OK snapshotted gold.dim_listings ........................................ [\u001b[32mSUCCESS 0\u001b[0m in 3.27s]","logger":"airflow.task.hooks.airflow.providers.standard.hooks.subprocess.SubprocessHook","filename":"subprocess.py","lineno":99}
{"timestamp":"2026-03-15T15:55:44.807477Z","level":"info","event":"\u001b[0m15:55:44","logger":"airflow.task.hooks.airflow.providers.standard.hooks.subprocess.SubprocessHook","filename":"subprocess.py","lineno":99}
{"timestamp":"2026-03-15T15:55:44.808898Z","level":"info","event":"\u001b[0m15:55:44  Finished running 3 snapshots in 0 hours 0 minutes and 21.11 seconds (21.11s).","logger":"airflow.task.hooks.airflow.providers.standard.hooks.subprocess.SubprocessHook","filename":"subprocess.py","lineno":99}
{"timestamp":"2026-03-15T15:55:44.904064Z","level":"info","event":"\u001b[0m15:55:44","logger":"airflow.task.hooks.airflow.providers.standard.hooks.subprocess.SubprocessHook","filename":"subprocess.py","lineno":99}
{"timestamp":"2026-03-15T15:55:44.905102Z","level":"info","event":"\u001b[0m15:55:44  \u001b[32mCompleted successfully\u001b[0m","logger":"airflow.task.hooks.airflow.providers.standard.hooks.subprocess.SubprocessHook","filename":"subprocess.py","lineno":99}
{"timestamp":"2026-03-15T15:55:44.906105Z","level":"info","event":"\u001b[0m15:55:44","logger":"airflow.task.hooks.airflow.providers.standard.hooks.subprocess.SubprocessHook","filename":"subprocess.py","lineno":99}
{"timestamp":"2026-03-15T15:55:44.907163Z","level":"info","event":"\u001b[0m15:55:44  Done. PASS=3 WARN=0 ERROR=0 SKIP=0 NO-OP=0 TOTAL=3","logger":"airflow.task.hooks.airflow.providers.standard.hooks.subprocess.SubprocessHook","filename":"subprocess.py","lineno":99}
{"timestamp":"2026-03-15T15:55:46.721193Z","level":"info","event":"Command exited with return code 0","logger":"airflow.task.hooks.airflow.providers.standard.hooks.subprocess.SubprocessHook","filename":"subprocess.py","lineno":103}
{"timestamp":"2026-03-15T15:55:46.729988Z","level":"info","event":"Pushing xcom","ti":"RuntimeTaskInstance(id=UUID('019cf232-d1c6-75d4-8a48-3a103f42c30e'), task_id='dbt_snapshot_task', dag_id='aws_dbt_snowflake_project', run_id='manual__2026-03-15T15:52:22.418944+00:00', try_number=1, dag_version_id=UUID('019cf214-226d-7ee5-b2b4-d185f4bf1be7'), map_index=-1, hostname='9870414b35f2', context_carrier={}, task=<Task(_BashDecoratedOperator): dbt_snapshot_task>, bundle_instance=LocalDagBundle(name=dags-folder), max_tries=0, start_date=datetime.datetime(2026, 3, 15, 15, 55, 11, 633631, tzinfo=datetime.timezone.utc), end_date=None, state=<TaskInstanceState.RUNNING: 'running'>, is_mapped=False, rendered_map_index=None)","logger":"task","filename":"task_runner.py","lineno":1522}
