{"timestamp":"2026-03-17T14:54:02.959133Z","level":"info","event":"DAG bundles loaded: dags-folder","logger":"airflow.dag_processing.bundles.manager.DagBundlesManager","filename":"manager.py","lineno":179}
{"timestamp":"2026-03-17T14:54:02.960874Z","level":"info","event":"Filling up the DagBag from /opt/airflow/dags/airbnb_pipeline.py","logger":"airflow.models.dagbag.BundleDagBag","filename":"dagbag.py","lineno":593}
{"timestamp":"2026-03-17T14:54:03.021748Z","level":"info","event":"Tmp dir root location: /tmp","logger":"airflow.task.hooks.airflow.providers.standard.hooks.subprocess.SubprocessHook","filename":"subprocess.py","lineno":78}
{"timestamp":"2026-03-17T14:54:03.022930Z","level":"info","event":"Running command: ['/usr/bin/bash', '-c', 'cd /opt/airflow/dbt_project && dbt snapshot --profiles-dir .']","logger":"airflow.task.hooks.airflow.providers.standard.hooks.subprocess.SubprocessHook","filename":"subprocess.py","lineno":80}
{"timestamp":"2026-03-17T14:54:03.023804Z","level":"info","event":"Output:","logger":"airflow.task.hooks.airflow.providers.standard.hooks.subprocess.SubprocessHook","filename":"subprocess.py","lineno":92}
{"timestamp":"2026-03-17T14:54:05.223234Z","level":"info","event":"\u001b[0m14:54:05  Running with dbt=1.11.7","logger":"airflow.task.hooks.airflow.providers.standard.hooks.subprocess.SubprocessHook","filename":"subprocess.py","lineno":99}
{"timestamp":"2026-03-17T14:54:06.483793Z","level":"info","event":"\u001b[0m14:54:06  Registered adapter: snowflake=1.11.3","logger":"airflow.task.hooks.airflow.providers.standard.hooks.subprocess.SubprocessHook","filename":"subprocess.py","lineno":99}
{"timestamp":"2026-03-17T14:54:07.700558Z","level":"info","event":"\u001b[0m14:54:07  Found 11 models, 3 analyses, 11 data tests, 1 seed, 3 snapshots, 3 sources, 526 macros","logger":"airflow.task.hooks.airflow.providers.standard.hooks.subprocess.SubprocessHook","filename":"subprocess.py","lineno":99}
{"timestamp":"2026-03-17T14:54:07.705200Z","level":"info","event":"\u001b[0m14:54:07","logger":"airflow.task.hooks.airflow.providers.standard.hooks.subprocess.SubprocessHook","filename":"subprocess.py","lineno":99}
{"timestamp":"2026-03-17T14:54:07.706479Z","level":"info","event":"\u001b[0m14:54:07  Concurrency: 1 threads (target='dev')","logger":"airflow.task.hooks.airflow.providers.standard.hooks.subprocess.SubprocessHook","filename":"subprocess.py","lineno":99}
{"timestamp":"2026-03-17T14:54:07.707313Z","level":"info","event":"\u001b[0m14:54:07","logger":"airflow.task.hooks.airflow.providers.standard.hooks.subprocess.SubprocessHook","filename":"subprocess.py","lineno":99}
{"timestamp":"2026-03-17T14:54:10.685015Z","level":"info","event":"\u001b[0m14:54:10  1 of 3 START snapshot gold.dim_bookings ........................................ [RUN]","logger":"airflow.task.hooks.airflow.providers.standard.hooks.subprocess.SubprocessHook","filename":"subprocess.py","lineno":99}
{"timestamp":"2026-03-17T14:54:18.096272Z","level":"info","event":"\u001b[0m14:54:18  1 of 3 OK snapshotted gold.dim_bookings ........................................ [\u001b[32mSUCCESS 0\u001b[0m in 7.41s]","logger":"airflow.task.hooks.airflow.providers.standard.hooks.subprocess.SubprocessHook","filename":"subprocess.py","lineno":99}
{"timestamp":"2026-03-17T14:54:18.098753Z","level":"info","event":"\u001b[0m14:54:18  2 of 3 START snapshot gold.dim_hosts ........................................... [RUN]","logger":"airflow.task.hooks.airflow.providers.standard.hooks.subprocess.SubprocessHook","filename":"subprocess.py","lineno":99}
{"timestamp":"2026-03-17T14:54:26.662408Z","level":"info","event":"\u001b[0m14:54:26  2 of 3 OK snapshotted gold.dim_hosts ........................................... [\u001b[32mSUCCESS 0\u001b[0m in 8.56s]","logger":"airflow.task.hooks.airflow.providers.standard.hooks.subprocess.SubprocessHook","filename":"subprocess.py","lineno":99}
{"timestamp":"2026-03-17T14:54:26.665017Z","level":"info","event":"\u001b[0m14:54:26  3 of 3 START snapshot gold.dim_listings ........................................ [RUN]","logger":"airflow.task.hooks.airflow.providers.standard.hooks.subprocess.SubprocessHook","filename":"subprocess.py","lineno":99}
{"timestamp":"2026-03-17T14:54:32.491770Z","level":"info","event":"\u001b[0m14:54:32  3 of 3 OK snapshotted gold.dim_listings ........................................ [\u001b[32mSUCCESS 0\u001b[0m in 5.82s]","logger":"airflow.task.hooks.airflow.providers.standard.hooks.subprocess.SubprocessHook","filename":"subprocess.py","lineno":99}
{"timestamp":"2026-03-17T14:54:32.899184Z","level":"info","event":"\u001b[0m14:54:32","logger":"airflow.task.hooks.airflow.providers.standard.hooks.subprocess.SubprocessHook","filename":"subprocess.py","lineno":99}
{"timestamp":"2026-03-17T14:54:32.900621Z","level":"info","event":"\u001b[0m14:54:32  Finished running 3 snapshots in 0 hours 0 minutes and 25.19 seconds (25.19s).","logger":"airflow.task.hooks.airflow.providers.standard.hooks.subprocess.SubprocessHook","filename":"subprocess.py","lineno":99}
{"timestamp":"2026-03-17T14:54:33.013680Z","level":"info","event":"\u001b[0m14:54:33","logger":"airflow.task.hooks.airflow.providers.standard.hooks.subprocess.SubprocessHook","filename":"subprocess.py","lineno":99}
{"timestamp":"2026-03-17T14:54:33.014632Z","level":"info","event":"\u001b[0m14:54:33  \u001b[32mCompleted successfully\u001b[0m","logger":"airflow.task.hooks.airflow.providers.standard.hooks.subprocess.SubprocessHook","filename":"subprocess.py","lineno":99}
{"timestamp":"2026-03-17T14:54:33.015484Z","level":"info","event":"\u001b[0m14:54:33","logger":"airflow.task.hooks.airflow.providers.standard.hooks.subprocess.SubprocessHook","filename":"subprocess.py","lineno":99}
{"timestamp":"2026-03-17T14:54:33.016437Z","level":"info","event":"\u001b[0m14:54:33  Done. PASS=3 WARN=0 ERROR=0 SKIP=0 NO-OP=0 TOTAL=3","logger":"airflow.task.hooks.airflow.providers.standard.hooks.subprocess.SubprocessHook","filename":"subprocess.py","lineno":99}
{"timestamp":"2026-03-17T14:54:35.411390Z","level":"info","event":"Command exited with return code 0","logger":"airflow.task.hooks.airflow.providers.standard.hooks.subprocess.SubprocessHook","filename":"subprocess.py","lineno":103}
{"timestamp":"2026-03-17T14:54:35.412353Z","level":"info","event":"Pushing xcom","ti":"RuntimeTaskInstance(id=UUID('019cfc48-efa7-749e-8ece-d181f20be043'), task_id='dbt_snapshot', dag_id='aws_dbt_snowflake_project', run_id='scheduled__2026-03-17T00:00:00+00:00', try_number=1, dag_version_id=UUID('019cf28f-af4b-701b-9358-f45c28c3b2e3'), map_index=-1, hostname='9870414b35f2', context_carrier={}, task=<Task(_BashDecoratedOperator): dbt_snapshot>, bundle_instance=LocalDagBundle(name=dags-folder), max_tries=0, start_date=datetime.datetime(2026, 3, 17, 14, 54, 2, 910626, tzinfo=datetime.timezone.utc), end_date=None, state=<TaskInstanceState.RUNNING: 'running'>, is_mapped=False, rendered_map_index=None)","logger":"task","filename":"task_runner.py","lineno":1522}
