[0m21:29:33.336058 [debug] [MainThread]: Sending event: {'category': 'dbt', 'action': 'invocation', 'label': 'start', 'context': [<snowplow_tracker.self_describing_json.SelfDescribingJson object at 0x0000027207540B60>, <snowplow_tracker.self_describing_json.SelfDescribingJson object at 0x000002720447B1A0>, <snowplow_tracker.self_describing_json.SelfDescribingJson object at 0x000002720760BAA0>]}


============================== 21:29:33.500375 | bd6eb444-bce9-48a7-ae86-a27cbb27d647 ==============================
[0m21:29:33.500375 [info ] [MainThread]: Running with dbt=1.11.7
[0m21:29:33.501378 [debug] [MainThread]: running dbt with arguments {'static_parser': 'True', 'no_print': 'None', 'version_check': 'True', 'warn_error_options': 'WarnErrorOptionsV2(error=[], warn=[], silence=[])', 'target_path': 'None', 'printer_width': '80', 'write_json': 'True', 'empty': 'None', 'log_cache_events': 'False', 'introspect': 'True', 'cache_selected_only': 'False', 'fail_fast': 'False', 'debug': 'False', 'log_format': 'default', 'partial_parse': 'True', 'send_anonymous_usage_stats': 'True', 'quiet': 'False', 'warn_error': 'None', 'profiles_dir': 'C:\\Users\\LENOVO\\.dbt', 'invocation_command': 'dbt init', 'use_colors': 'True', 'indirect_selection': 'eager', 'use_experimental_parser': 'False', 'log_path': 'logs'}
[0m21:31:45.971468 [debug] [MainThread]: Starter project path: C:\Users\LENOVO\Documents\Data Engineering\Airbnb_Project\.venv\Lib\site-packages\dbt\include\starter_project
[0m21:31:46.014075 [info ] [MainThread]: 
Your new dbt project "aws_dbt_snowflake_project" was created!

For more information on how to configure the profiles.yml file,
please consult the dbt documentation here:

  https://docs.getdbt.com/docs/configure-your-profile

One more thing:

Need help? Don't hesitate to reach out to us via GitHub issues or on Slack:

  https://community.getdbt.com/

Happy modeling!

[0m21:31:46.015387 [info ] [MainThread]: Setting up your profile.
[0m21:32:01.897327 [debug] [MainThread]: Snowflake adapter: Setting snowflake.connector to ERROR (file logging only)
[0m21:32:01.897327 [debug] [MainThread]: Snowflake adapter: Setting botocore to ERROR (file logging only)
[0m21:32:01.899652 [debug] [MainThread]: Snowflake adapter: Setting boto3 to ERROR (file logging only)
[0m22:00:44.939162 [info ] [MainThread]: Profile aws_dbt_snowflake_project written to C:\Users\LENOVO\.dbt\profiles.yml using target's profile_template.yml and your supplied values. Run 'dbt debug' to validate the connection.
[0m22:00:44.962353 [debug] [MainThread]: Command `dbt init` succeeded at 22:00:44.961131 after 1871.81 seconds
[0m22:00:44.965353 [debug] [MainThread]: Sending event: {'category': 'dbt', 'action': 'invocation', 'label': 'end', 'context': [<snowplow_tracker.self_describing_json.SelfDescribingJson object at 0x000002720B023FE0>, <snowplow_tracker.self_describing_json.SelfDescribingJson object at 0x00000272093F0590>, <snowplow_tracker.self_describing_json.SelfDescribingJson object at 0x000002720A928F80>]}
[0m22:00:44.968353 [debug] [MainThread]: Flushing usage events
[0m22:00:47.243729 [debug] [MainThread]: An error was encountered while trying to flush usage events
[0m00:11:17.518990 [debug] [MainThread]: Sending event: {'category': 'dbt', 'action': 'invocation', 'label': 'start', 'context': [<snowplow_tracker.self_describing_json.SelfDescribingJson object at 0x000001F10DDFB230>, <snowplow_tracker.self_describing_json.SelfDescribingJson object at 0x000001F110E46360>, <snowplow_tracker.self_describing_json.SelfDescribingJson object at 0x000001F1115372C0>]}


============================== 00:11:17.526763 | 274a2d97-b76b-4da6-87b9-99b41e0e7e03 ==============================
[0m00:11:17.526763 [info ] [MainThread]: Running with dbt=1.11.7
[0m00:11:17.526763 [debug] [MainThread]: running dbt with arguments {'static_parser': 'True', 'no_print': 'None', 'version_check': 'True', 'target_path': 'None', 'warn_error_options': 'WarnErrorOptionsV2(error=[], warn=[], silence=[])', 'printer_width': '80', 'write_json': 'True', 'empty': 'False', 'log_cache_events': 'False', 'introspect': 'True', 'cache_selected_only': 'False', 'log_format': 'default', 'debug': 'False', 'fail_fast': 'False', 'profiles_dir': 'C:\\Users\\LENOVO\\.dbt', 'send_anonymous_usage_stats': 'True', 'quiet': 'False', 'warn_error': 'None', 'partial_parse': 'True', 'indirect_selection': 'eager', 'invocation_command': 'dbt run --select models/demo', 'use_colors': 'True', 'use_experimental_parser': 'False', 'log_path': 'logs'}
[0m00:11:17.526763 [error] [MainThread]: Encountered an error:
Runtime Error
  No dbt_project.yml found at expected path C:\Users\LENOVO\Documents\Data Engineering\Airbnb_Project\dbt_project.yml
  Verify that each entry within packages.yml (and their transitive dependencies) contains a file named dbt_project.yml
  
[0m00:11:17.526763 [debug] [MainThread]: Command `dbt run` failed at 00:11:17.526763 after 0.17 seconds
[0m00:11:17.526763 [debug] [MainThread]: Sending event: {'category': 'dbt', 'action': 'invocation', 'label': 'end', 'context': [<snowplow_tracker.self_describing_json.SelfDescribingJson object at 0x000001F111447170>, <snowplow_tracker.self_describing_json.SelfDescribingJson object at 0x000001F10DDFB230>, <snowplow_tracker.self_describing_json.SelfDescribingJson object at 0x000001F1113427E0>]}
[0m00:11:17.529906 [debug] [MainThread]: Flushing usage events
[0m00:11:19.387632 [debug] [MainThread]: An error was encountered while trying to flush usage events
[0m01:18:05.016686 [debug] [MainThread]: Sending event: {'category': 'dbt', 'action': 'invocation', 'label': 'start', 'context': [<snowplow_tracker.self_describing_json.SelfDescribingJson object at 0x000001F5CE2A3560>, <snowplow_tracker.self_describing_json.SelfDescribingJson object at 0x000001F5CAE25D60>, <snowplow_tracker.self_describing_json.SelfDescribingJson object at 0x000001F5CE22E390>]}


============================== 01:18:05.022735 | dd4b968e-8c43-42df-b9be-97369ddf191b ==============================
[0m01:18:05.022735 [info ] [MainThread]: Running with dbt=1.11.7
[0m01:18:05.023766 [debug] [MainThread]: running dbt with arguments {'version_check': 'True', 'no_print': 'None', 'static_parser': 'True', 'warn_error_options': 'WarnErrorOptionsV2(error=[], warn=[], silence=[])', 'target_path': 'None', 'printer_width': '80', 'write_json': 'True', 'empty': 'False', 'log_cache_events': 'False', 'introspect': 'True', 'cache_selected_only': 'False', 'log_format': 'default', 'debug': 'False', 'fail_fast': 'False', 'partial_parse': 'True', 'send_anonymous_usage_stats': 'True', 'quiet': 'False', 'warn_error': 'None', 'profiles_dir': 'C:\\Users\\LENOVO\\.dbt', 'indirect_selection': 'eager', 'use_colors': 'True', 'invocation_command': 'dbt compile', 'use_experimental_parser': 'False', 'log_path': 'logs'}
[0m01:18:05.026073 [error] [MainThread]: Encountered an error:
Runtime Error
  No dbt_project.yml found at expected path C:\Users\LENOVO\Documents\Data Engineering\Airbnb_Project\dbt_project.yml
  Verify that each entry within packages.yml (and their transitive dependencies) contains a file named dbt_project.yml
  
[0m01:18:05.027073 [debug] [MainThread]: Command `dbt compile` failed at 01:18:05.027073 after 0.23 seconds
[0m01:18:05.028073 [debug] [MainThread]: Sending event: {'category': 'dbt', 'action': 'invocation', 'label': 'end', 'context': [<snowplow_tracker.self_describing_json.SelfDescribingJson object at 0x000001F5CEA2F2F0>, <snowplow_tracker.self_describing_json.SelfDescribingJson object at 0x000001F5CDC5AE40>, <snowplow_tracker.self_describing_json.SelfDescribingJson object at 0x000001F5CE99C8C0>]}
[0m01:18:05.029087 [debug] [MainThread]: Flushing usage events
[0m01:18:07.126387 [debug] [MainThread]: An error was encountered while trying to flush usage events
[0m00:18:57.515892 [debug] [MainThread]: Sending event: {'category': 'dbt', 'action': 'invocation', 'label': 'start', 'context': [<snowplow_tracker.self_describing_json.SelfDescribingJson object at 0x00000173B0C13170>, <snowplow_tracker.self_describing_json.SelfDescribingJson object at 0x00000173ADEB3560>, <snowplow_tracker.self_describing_json.SelfDescribingJson object at 0x00000173B04EFD10>]}


============================== 00:18:57.520847 | fe040380-6888-4da2-8cf9-6322ab2fe4c7 ==============================
[0m00:18:57.520847 [info ] [MainThread]: Running with dbt=1.11.7
[0m00:18:57.521852 [debug] [MainThread]: running dbt with arguments {'static_parser': 'True', 'no_print': 'None', 'version_check': 'True', 'warn_error_options': 'WarnErrorOptionsV2(error=[], warn=[], silence=[])', 'target_path': 'None', 'printer_width': '80', 'write_json': 'True', 'introspect': 'True', 'log_cache_events': 'False', 'empty': 'False', 'cache_selected_only': 'False', 'log_format': 'default', 'debug': 'False', 'fail_fast': 'False', 'partial_parse': 'True', 'send_anonymous_usage_stats': 'True', 'quiet': 'False', 'warn_error': 'None', 'profiles_dir': 'C:\\Users\\LENOVO\\.dbt', 'indirect_selection': 'eager', 'invocation_command': 'dbt compile', 'use_colors': 'True', 'use_experimental_parser': 'False', 'log_path': 'logs'}
[0m00:18:57.521852 [error] [MainThread]: Encountered an error:
Runtime Error
  No dbt_project.yml found at expected path C:\Users\LENOVO\Documents\Data Engineering\Airbnb_Project\dbt_project.yml
  Verify that each entry within packages.yml (and their transitive dependencies) contains a file named dbt_project.yml
  
[0m00:18:57.523533 [debug] [MainThread]: Command `dbt compile` failed at 00:18:57.523533 after 0.17 seconds
[0m00:18:57.523533 [debug] [MainThread]: Sending event: {'category': 'dbt', 'action': 'invocation', 'label': 'end', 'context': [<snowplow_tracker.self_describing_json.SelfDescribingJson object at 0x00000173B0597590>, <snowplow_tracker.self_describing_json.SelfDescribingJson object at 0x00000173AEC827E0>, <snowplow_tracker.self_describing_json.SelfDescribingJson object at 0x00000173B0674BC0>]}
[0m00:18:57.524549 [debug] [MainThread]: Flushing usage events
[0m00:18:59.397722 [debug] [MainThread]: An error was encountered while trying to flush usage events
