{"timestamp":"2026-03-15T17:34:22.905558Z","level":"info","event":"DAG bundles loaded: dags-folder","logger":"airflow.dag_processing.bundles.manager.DagBundlesManager","filename":"manager.py","lineno":179}
{"timestamp":"2026-03-15T17:34:22.907795Z","level":"info","event":"Filling up the DagBag from /opt/airflow/dags/airbnb_pipeline.py","logger":"airflow.models.dagbag.BundleDagBag","filename":"dagbag.py","lineno":593}
{"timestamp":"2026-03-15T17:34:22.999076Z","level":"info","event":"Tmp dir root location: /tmp","logger":"airflow.task.hooks.airflow.providers.standard.hooks.subprocess.SubprocessHook","filename":"subprocess.py","lineno":78}
{"timestamp":"2026-03-15T17:34:23.001447Z","level":"info","event":"Running command: ['/usr/bin/bash', '-c', 'cd /opt/airflow/dbt_project && dbt run --select bronze --profiles-dir .']","logger":"airflow.task.hooks.airflow.providers.standard.hooks.subprocess.SubprocessHook","filename":"subprocess.py","lineno":80}
{"timestamp":"2026-03-15T17:34:23.002529Z","level":"info","event":"Output:","logger":"airflow.task.hooks.airflow.providers.standard.hooks.subprocess.SubprocessHook","filename":"subprocess.py","lineno":92}
{"timestamp":"2026-03-15T17:34:26.496992Z","level":"info","event":"\u001b[0m17:34:26  Running with dbt=1.11.7","logger":"airflow.task.hooks.airflow.providers.standard.hooks.subprocess.SubprocessHook","filename":"subprocess.py","lineno":99}
{"timestamp":"2026-03-15T17:34:29.280773Z","level":"info","event":"\u001b[0m17:34:29  Registered adapter: snowflake=1.11.3","logger":"airflow.task.hooks.airflow.providers.standard.hooks.subprocess.SubprocessHook","filename":"subprocess.py","lineno":99}
{"timestamp":"2026-03-15T17:34:30.686099Z","level":"info","event":"\u001b[0m17:34:30  Found 11 models, 3 analyses, 1 test, 3 snapshots, 3 sources, 526 macros","logger":"airflow.task.hooks.airflow.providers.standard.hooks.subprocess.SubprocessHook","filename":"subprocess.py","lineno":99}
{"timestamp":"2026-03-15T17:34:30.688915Z","level":"info","event":"\u001b[0m17:34:30","logger":"airflow.task.hooks.airflow.providers.standard.hooks.subprocess.SubprocessHook","filename":"subprocess.py","lineno":99}
{"timestamp":"2026-03-15T17:34:30.689530Z","level":"info","event":"\u001b[0m17:34:30  Concurrency: 1 threads (target='dev')","logger":"airflow.task.hooks.airflow.providers.standard.hooks.subprocess.SubprocessHook","filename":"subprocess.py","lineno":99}
{"timestamp":"2026-03-15T17:34:30.690113Z","level":"info","event":"\u001b[0m17:34:30","logger":"airflow.task.hooks.airflow.providers.standard.hooks.subprocess.SubprocessHook","filename":"subprocess.py","lineno":99}
{"timestamp":"2026-03-15T17:34:32.751885Z","level":"info","event":"\u001b[0m17:34:32  1 of 3 START sql incremental model bronze.bronze_bookings ...................... [RUN]","logger":"airflow.task.hooks.airflow.providers.standard.hooks.subprocess.SubprocessHook","filename":"subprocess.py","lineno":99}
{"timestamp":"2026-03-15T17:34:34.854648Z","level":"info","event":"\u001b[0m17:34:34  1 of 3 OK created sql incremental model bronze.bronze_bookings ................. [\u001b[32mSUCCESS 0\u001b[0m in 2.10s]","logger":"airflow.task.hooks.airflow.providers.standard.hooks.subprocess.SubprocessHook","filename":"subprocess.py","lineno":99}
{"timestamp":"2026-03-15T17:34:34.856691Z","level":"info","event":"\u001b[0m17:34:34  2 of 3 START sql incremental model bronze.bronze_hosts ......................... [RUN]","logger":"airflow.task.hooks.airflow.providers.standard.hooks.subprocess.SubprocessHook","filename":"subprocess.py","lineno":99}
{"timestamp":"2026-03-15T17:34:36.251855Z","level":"info","event":"\u001b[0m17:34:36  2 of 3 OK created sql incremental model bronze.bronze_hosts .................... [\u001b[32mSUCCESS 0\u001b[0m in 1.39s]","logger":"airflow.task.hooks.airflow.providers.standard.hooks.subprocess.SubprocessHook","filename":"subprocess.py","lineno":99}
{"timestamp":"2026-03-15T17:34:36.254362Z","level":"info","event":"\u001b[0m17:34:36  3 of 3 START sql incremental model bronze.bronze_listings ...................... [RUN]","logger":"airflow.task.hooks.airflow.providers.standard.hooks.subprocess.SubprocessHook","filename":"subprocess.py","lineno":99}
{"timestamp":"2026-03-15T17:34:37.683446Z","level":"info","event":"\u001b[0m17:34:37  3 of 3 OK created sql incremental model bronze.bronze_listings ................. [\u001b[32mSUCCESS 0\u001b[0m in 1.43s]","logger":"airflow.task.hooks.airflow.providers.standard.hooks.subprocess.SubprocessHook","filename":"subprocess.py","lineno":99}
{"timestamp":"2026-03-15T17:34:37.870446Z","level":"info","event":"\u001b[0m17:34:37","logger":"airflow.task.hooks.airflow.providers.standard.hooks.subprocess.SubprocessHook","filename":"subprocess.py","lineno":99}
{"timestamp":"2026-03-15T17:34:37.871304Z","level":"info","event":"\u001b[0m17:34:37  Finished running 3 incremental models in 0 hours 0 minutes and 7.18 seconds (7.18s).","logger":"airflow.task.hooks.airflow.providers.standard.hooks.subprocess.SubprocessHook","filename":"subprocess.py","lineno":99}
{"timestamp":"2026-03-15T17:34:37.947832Z","level":"info","event":"\u001b[0m17:34:37","logger":"airflow.task.hooks.airflow.providers.standard.hooks.subprocess.SubprocessHook","filename":"subprocess.py","lineno":99}
{"timestamp":"2026-03-15T17:34:37.948443Z","level":"info","event":"\u001b[0m17:34:37  \u001b[32mCompleted successfully\u001b[0m","logger":"airflow.task.hooks.airflow.providers.standard.hooks.subprocess.SubprocessHook","filename":"subprocess.py","lineno":99}
{"timestamp":"2026-03-15T17:34:37.948979Z","level":"info","event":"\u001b[0m17:34:37","logger":"airflow.task.hooks.airflow.providers.standard.hooks.subprocess.SubprocessHook","filename":"subprocess.py","lineno":99}
{"timestamp":"2026-03-15T17:34:37.949574Z","level":"info","event":"\u001b[0m17:34:37  Done. PASS=3 WARN=0 ERROR=0 SKIP=0 NO-OP=0 TOTAL=3","logger":"airflow.task.hooks.airflow.providers.standard.hooks.subprocess.SubprocessHook","filename":"subprocess.py","lineno":99}
{"timestamp":"2026-03-15T17:34:39.932593Z","level":"info","event":"Command exited with return code 0","logger":"airflow.task.hooks.airflow.providers.standard.hooks.subprocess.SubprocessHook","filename":"subprocess.py","lineno":103}
{"timestamp":"2026-03-15T17:34:39.937571Z","level":"info","event":"Pushing xcom","ti":"RuntimeTaskInstance(id=UUID('019cf290-26c5-7fa2-b17f-57b09131fc9a'), task_id='dbt_bronze', dag_id='aws_dbt_snowflake_project', run_id='manual__2026-03-15T17:34:19.298621+00:00', try_number=1, dag_version_id=UUID('019cf28f-af4b-701b-9358-f45c28c3b2e3'), map_index=-1, hostname='9870414b35f2', context_carrier={}, task=<Task(_BashDecoratedOperator): dbt_bronze>, bundle_instance=LocalDagBundle(name=dags-folder), max_tries=0, start_date=datetime.datetime(2026, 3, 15, 17, 34, 20, 929215, tzinfo=datetime.timezone.utc), end_date=None, state=<TaskInstanceState.RUNNING: 'running'>, is_mapped=False, rendered_map_index=None)","logger":"task","filename":"task_runner.py","lineno":1522}
