{"timestamp":"2026-03-17T14:54:06.292418Z","level":"info","event":"DAG bundles loaded: dags-folder","logger":"airflow.dag_processing.bundles.manager.DagBundlesManager","filename":"manager.py","lineno":179}
{"timestamp":"2026-03-17T14:54:06.294276Z","level":"info","event":"Filling up the DagBag from /opt/airflow/dags/airbnb_pipeline.py","logger":"airflow.models.dagbag.BundleDagBag","filename":"dagbag.py","lineno":593}
{"timestamp":"2026-03-17T14:54:06.357013Z","level":"info","event":"Tmp dir root location: /tmp","logger":"airflow.task.hooks.airflow.providers.standard.hooks.subprocess.SubprocessHook","filename":"subprocess.py","lineno":78}
{"timestamp":"2026-03-17T14:54:06.358221Z","level":"info","event":"Running command: ['/usr/bin/bash', '-c', 'cd /opt/airflow/dbt_project && dbt snapshot --profiles-dir .']","logger":"airflow.task.hooks.airflow.providers.standard.hooks.subprocess.SubprocessHook","filename":"subprocess.py","lineno":80}
{"timestamp":"2026-03-17T14:54:06.359038Z","level":"info","event":"Output:","logger":"airflow.task.hooks.airflow.providers.standard.hooks.subprocess.SubprocessHook","filename":"subprocess.py","lineno":92}
{"timestamp":"2026-03-17T14:54:08.724846Z","level":"info","event":"\u001b[0m14:54:08  Running with dbt=1.11.7","logger":"airflow.task.hooks.airflow.providers.standard.hooks.subprocess.SubprocessHook","filename":"subprocess.py","lineno":99}
{"timestamp":"2026-03-17T14:54:09.861144Z","level":"info","event":"\u001b[0m14:54:09  Registered adapter: snowflake=1.11.3","logger":"airflow.task.hooks.airflow.providers.standard.hooks.subprocess.SubprocessHook","filename":"subprocess.py","lineno":99}
{"timestamp":"2026-03-17T14:54:10.946308Z","level":"info","event":"\u001b[0m14:54:10  Found 11 models, 3 analyses, 11 data tests, 1 seed, 3 snapshots, 3 sources, 526 macros","logger":"airflow.task.hooks.airflow.providers.standard.hooks.subprocess.SubprocessHook","filename":"subprocess.py","lineno":99}
{"timestamp":"2026-03-17T14:54:10.950786Z","level":"info","event":"\u001b[0m14:54:10","logger":"airflow.task.hooks.airflow.providers.standard.hooks.subprocess.SubprocessHook","filename":"subprocess.py","lineno":99}
{"timestamp":"2026-03-17T14:54:10.951685Z","level":"info","event":"\u001b[0m14:54:10  Concurrency: 1 threads (target='dev')","logger":"airflow.task.hooks.airflow.providers.standard.hooks.subprocess.SubprocessHook","filename":"subprocess.py","lineno":99}
{"timestamp":"2026-03-17T14:54:10.952507Z","level":"info","event":"\u001b[0m14:54:10","logger":"airflow.task.hooks.airflow.providers.standard.hooks.subprocess.SubprocessHook","filename":"subprocess.py","lineno":99}
{"timestamp":"2026-03-17T14:54:13.861017Z","level":"info","event":"\u001b[0m14:54:13  1 of 3 START snapshot gold.dim_bookings ........................................ [RUN]","logger":"airflow.task.hooks.airflow.providers.standard.hooks.subprocess.SubprocessHook","filename":"subprocess.py","lineno":99}
{"timestamp":"2026-03-17T14:54:21.254664Z","level":"info","event":"\u001b[0m14:54:21  1 of 3 OK snapshotted gold.dim_bookings ........................................ [\u001b[32mSUCCESS 0\u001b[0m in 7.39s]","logger":"airflow.task.hooks.airflow.providers.standard.hooks.subprocess.SubprocessHook","filename":"subprocess.py","lineno":99}
{"timestamp":"2026-03-17T14:54:21.257110Z","level":"info","event":"\u001b[0m14:54:21  2 of 3 START snapshot gold.dim_hosts ........................................... [RUN]","logger":"airflow.task.hooks.airflow.providers.standard.hooks.subprocess.SubprocessHook","filename":"subprocess.py","lineno":99}
{"timestamp":"2026-03-17T14:54:27.578349Z","level":"info","event":"\u001b[0m14:54:27  2 of 3 OK snapshotted gold.dim_hosts ........................................... [\u001b[32mSUCCESS 0\u001b[0m in 6.32s]","logger":"airflow.task.hooks.airflow.providers.standard.hooks.subprocess.SubprocessHook","filename":"subprocess.py","lineno":99}
{"timestamp":"2026-03-17T14:54:27.581196Z","level":"info","event":"\u001b[0m14:54:27  3 of 3 START snapshot gold.dim_listings ........................................ [RUN]","logger":"airflow.task.hooks.airflow.providers.standard.hooks.subprocess.SubprocessHook","filename":"subprocess.py","lineno":99}
{"timestamp":"2026-03-17T14:54:36.330861Z","level":"info","event":"\u001b[0m14:54:36  3 of 3 OK snapshotted gold.dim_listings ........................................ [\u001b[32mSUCCESS 0\u001b[0m in 8.75s]","logger":"airflow.task.hooks.airflow.providers.standard.hooks.subprocess.SubprocessHook","filename":"subprocess.py","lineno":99}
{"timestamp":"2026-03-17T14:54:37.300512Z","level":"info","event":"\u001b[0m14:54:37","logger":"airflow.task.hooks.airflow.providers.standard.hooks.subprocess.SubprocessHook","filename":"subprocess.py","lineno":99}
{"timestamp":"2026-03-17T14:54:37.301718Z","level":"info","event":"\u001b[0m14:54:37  Finished running 3 snapshots in 0 hours 0 minutes and 26.35 seconds (26.35s).","logger":"airflow.task.hooks.airflow.providers.standard.hooks.subprocess.SubprocessHook","filename":"subprocess.py","lineno":99}
{"timestamp":"2026-03-17T14:54:37.389158Z","level":"info","event":"\u001b[0m14:54:37","logger":"airflow.task.hooks.airflow.providers.standard.hooks.subprocess.SubprocessHook","filename":"subprocess.py","lineno":99}
{"timestamp":"2026-03-17T14:54:37.390101Z","level":"info","event":"\u001b[0m14:54:37  \u001b[32mCompleted successfully\u001b[0m","logger":"airflow.task.hooks.airflow.providers.standard.hooks.subprocess.SubprocessHook","filename":"subprocess.py","lineno":99}
{"timestamp":"2026-03-17T14:54:37.390886Z","level":"info","event":"\u001b[0m14:54:37","logger":"airflow.task.hooks.airflow.providers.standard.hooks.subprocess.SubprocessHook","filename":"subprocess.py","lineno":99}
{"timestamp":"2026-03-17T14:54:37.391802Z","level":"info","event":"\u001b[0m14:54:37  Done. PASS=3 WARN=0 ERROR=0 SKIP=0 NO-OP=0 TOTAL=3","logger":"airflow.task.hooks.airflow.providers.standard.hooks.subprocess.SubprocessHook","filename":"subprocess.py","lineno":99}
{"timestamp":"2026-03-17T14:54:41.375884Z","level":"info","event":"Command exited with return code 0","logger":"airflow.task.hooks.airflow.providers.standard.hooks.subprocess.SubprocessHook","filename":"subprocess.py","lineno":103}
{"timestamp":"2026-03-17T14:54:41.376685Z","level":"info","event":"Pushing xcom","ti":"RuntimeTaskInstance(id=UUID('019cfc49-3d31-730f-b66b-14aeb5167cd0'), task_id='dbt_snapshot', dag_id='aws_dbt_snowflake_project', run_id='manual__2026-03-17T14:53:04.102060+00:00', try_number=1, dag_version_id=UUID('019cf28f-af4b-701b-9358-f45c28c3b2e3'), map_index=-1, hostname='9870414b35f2', context_carrier={}, task=<Task(_BashDecoratedOperator): dbt_snapshot>, bundle_instance=LocalDagBundle(name=dags-folder), max_tries=0, start_date=datetime.datetime(2026, 3, 17, 14, 54, 6, 242579, tzinfo=datetime.timezone.utc), end_date=None, state=<TaskInstanceState.RUNNING: 'running'>, is_mapped=False, rendered_map_index=None)","logger":"task","filename":"task_runner.py","lineno":1522}
