{"timestamp":"2026-03-15T15:53:08.615938Z","level":"info","event":"DAG bundles loaded: dags-folder","logger":"airflow.dag_processing.bundles.manager.DagBundlesManager","filename":"manager.py","lineno":179}
{"timestamp":"2026-03-15T15:53:08.623647Z","level":"info","event":"Filling up the DagBag from /opt/airflow/dags/airbnb_pipeline.py","logger":"airflow.models.dagbag.BundleDagBag","filename":"dagbag.py","lineno":593}
{"timestamp":"2026-03-15T15:53:09.608005Z","level":"info","event":"Tmp dir root location: /tmp","logger":"airflow.task.hooks.airflow.providers.standard.hooks.subprocess.SubprocessHook","filename":"subprocess.py","lineno":78}
{"timestamp":"2026-03-15T15:53:09.618763Z","level":"info","event":"Running command: ['/usr/bin/bash', '-c', 'cd /opt/airflow/dbt_project && dbt run --profiles-dir .']","logger":"airflow.task.hooks.airflow.providers.standard.hooks.subprocess.SubprocessHook","filename":"subprocess.py","lineno":80}
{"timestamp":"2026-03-15T15:53:09.625810Z","level":"info","event":"Output:","logger":"airflow.task.hooks.airflow.providers.standard.hooks.subprocess.SubprocessHook","filename":"subprocess.py","lineno":92}
{"timestamp":"2026-03-15T15:53:14.809669Z","level":"info","event":"\u001b[0m15:53:14  Running with dbt=1.11.7","logger":"airflow.task.hooks.airflow.providers.standard.hooks.subprocess.SubprocessHook","filename":"subprocess.py","lineno":99}
{"timestamp":"2026-03-15T15:53:18.816526Z","level":"info","event":"\u001b[0m15:53:18  Registered adapter: snowflake=1.11.3","logger":"airflow.task.hooks.airflow.providers.standard.hooks.subprocess.SubprocessHook","filename":"subprocess.py","lineno":99}
{"timestamp":"2026-03-15T15:53:20.029854Z","level":"info","event":"\u001b[0m15:53:20  Found 11 models, 3 analyses, 1 test, 3 snapshots, 3 sources, 526 macros","logger":"airflow.task.hooks.airflow.providers.standard.hooks.subprocess.SubprocessHook","filename":"subprocess.py","lineno":99}
{"timestamp":"2026-03-15T15:53:20.035418Z","level":"info","event":"\u001b[0m15:53:20","logger":"airflow.task.hooks.airflow.providers.standard.hooks.subprocess.SubprocessHook","filename":"subprocess.py","lineno":99}
{"timestamp":"2026-03-15T15:53:20.036821Z","level":"info","event":"\u001b[0m15:53:20  Concurrency: 1 threads (target='dev')","logger":"airflow.task.hooks.airflow.providers.standard.hooks.subprocess.SubprocessHook","filename":"subprocess.py","lineno":99}
{"timestamp":"2026-03-15T15:53:20.037957Z","level":"info","event":"\u001b[0m15:53:20","logger":"airflow.task.hooks.airflow.providers.standard.hooks.subprocess.SubprocessHook","filename":"subprocess.py","lineno":99}
{"timestamp":"2026-03-15T15:53:24.274891Z","level":"info","event":"\u001b[0m15:53:24  1 of 8 START sql incremental model bronze.bronze_bookings ...................... [RUN]","logger":"airflow.task.hooks.airflow.providers.standard.hooks.subprocess.SubprocessHook","filename":"subprocess.py","lineno":99}
{"timestamp":"2026-03-15T15:53:26.292593Z","level":"info","event":"\u001b[0m15:53:26  1 of 8 OK created sql incremental model bronze.bronze_bookings ................. [\u001b[32mSUCCESS 0\u001b[0m in 2.01s]","logger":"airflow.task.hooks.airflow.providers.standard.hooks.subprocess.SubprocessHook","filename":"subprocess.py","lineno":99}
{"timestamp":"2026-03-15T15:53:26.296294Z","level":"info","event":"\u001b[0m15:53:26  2 of 8 START sql incremental model bronze.bronze_hosts ......................... [RUN]","logger":"airflow.task.hooks.airflow.providers.standard.hooks.subprocess.SubprocessHook","filename":"subprocess.py","lineno":99}
{"timestamp":"2026-03-15T15:53:28.312511Z","level":"info","event":"\u001b[0m15:53:28  2 of 8 OK created sql incremental model bronze.bronze_hosts .................... [\u001b[32mSUCCESS 0\u001b[0m in 2.01s]","logger":"airflow.task.hooks.airflow.providers.standard.hooks.subprocess.SubprocessHook","filename":"subprocess.py","lineno":99}
{"timestamp":"2026-03-15T15:53:28.315905Z","level":"info","event":"\u001b[0m15:53:28  3 of 8 START sql incremental model bronze.bronze_listings ...................... [RUN]","logger":"airflow.task.hooks.airflow.providers.standard.hooks.subprocess.SubprocessHook","filename":"subprocess.py","lineno":99}
{"timestamp":"2026-03-15T15:53:30.156163Z","level":"info","event":"\u001b[0m15:53:30  3 of 8 OK created sql incremental model bronze.bronze_listings ................. [\u001b[32mSUCCESS 0\u001b[0m in 1.84s]","logger":"airflow.task.hooks.airflow.providers.standard.hooks.subprocess.SubprocessHook","filename":"subprocess.py","lineno":99}
{"timestamp":"2026-03-15T15:53:30.159349Z","level":"info","event":"\u001b[0m15:53:30  4 of 8 START sql table model gold.fact ......................................... [RUN]","logger":"airflow.task.hooks.airflow.providers.standard.hooks.subprocess.SubprocessHook","filename":"subprocess.py","lineno":99}
{"timestamp":"2026-03-15T15:54:44.426557Z","level":"info","event":"\u001b[0m15:54:44  4 of 8 OK created sql table model gold.fact .................................... [\u001b[32mSUCCESS 86660640\u001b[0m in 74.24s]","logger":"airflow.task.hooks.airflow.providers.standard.hooks.subprocess.SubprocessHook","filename":"subprocess.py","lineno":99}
{"timestamp":"2026-03-15T15:54:44.432665Z","level":"info","event":"\u001b[0m15:54:44  5 of 8 START sql table model gold.obt .......................................... [RUN]","logger":"airflow.task.hooks.airflow.providers.standard.hooks.subprocess.SubprocessHook","filename":"subprocess.py","lineno":99}
{"timestamp":"2026-03-15T15:54:45.630872Z","level":"info","event":"\u001b[0m15:54:45  5 of 8 OK created sql table model gold.obt ..................................... [\u001b[32mSUCCESS 30000\u001b[0m in 1.20s]","logger":"airflow.task.hooks.airflow.providers.standard.hooks.subprocess.SubprocessHook","filename":"subprocess.py","lineno":99}
{"timestamp":"2026-03-15T15:54:45.635543Z","level":"info","event":"\u001b[0m15:54:45  6 of 8 START sql incremental model silver.silver_bookings ...................... [RUN]","logger":"airflow.task.hooks.airflow.providers.standard.hooks.subprocess.SubprocessHook","filename":"subprocess.py","lineno":99}
{"timestamp":"2026-03-15T15:54:49.878585Z","level":"info","event":"\u001b[0m15:54:49  6 of 8 OK created sql incremental model silver.silver_bookings ................. [\u001b[32mSUCCESS 5000\u001b[0m in 4.24s]","logger":"airflow.task.hooks.airflow.providers.standard.hooks.subprocess.SubprocessHook","filename":"subprocess.py","lineno":99}
{"timestamp":"2026-03-15T15:54:50.030818Z","level":"info","event":"\u001b[0m15:54:49  7 of 8 START sql incremental model silver.silver_hosts ......................... [RUN]","logger":"airflow.task.hooks.airflow.providers.standard.hooks.subprocess.SubprocessHook","filename":"subprocess.py","lineno":99}
{"timestamp":"2026-03-15T15:54:58.219108Z","level":"info","event":"\u001b[0m15:54:58  7 of 8 OK created sql incremental model silver.silver_hosts .................... [\u001b[32mSUCCESS 200\u001b[0m in 8.33s]","logger":"airflow.task.hooks.airflow.providers.standard.hooks.subprocess.SubprocessHook","filename":"subprocess.py","lineno":99}
{"timestamp":"2026-03-15T15:54:58.226518Z","level":"info","event":"\u001b[0m15:54:58  8 of 8 START sql incremental model silver.silver_listings ...................... [RUN]","logger":"airflow.task.hooks.airflow.providers.standard.hooks.subprocess.SubprocessHook","filename":"subprocess.py","lineno":99}
{"timestamp":"2026-03-15T15:55:01.599474Z","level":"info","event":"\u001b[0m15:55:01  8 of 8 OK created sql incremental model silver.silver_listings ................. [\u001b[32mSUCCESS 500\u001b[0m in 3.37s]","logger":"airflow.task.hooks.airflow.providers.standard.hooks.subprocess.SubprocessHook","filename":"subprocess.py","lineno":99}
{"timestamp":"2026-03-15T15:55:02.410826Z","level":"info","event":"\u001b[0m15:55:02","logger":"airflow.task.hooks.airflow.providers.standard.hooks.subprocess.SubprocessHook","filename":"subprocess.py","lineno":99}
{"timestamp":"2026-03-15T15:55:02.413665Z","level":"info","event":"\u001b[0m15:55:02  Finished running 6 incremental models, 2 table models in 0 hours 1 minutes and 42.37 seconds (102.37s).","logger":"airflow.task.hooks.airflow.providers.standard.hooks.subprocess.SubprocessHook","filename":"subprocess.py","lineno":99}
{"timestamp":"2026-03-15T15:55:02.622068Z","level":"info","event":"\u001b[0m15:55:02","logger":"airflow.task.hooks.airflow.providers.standard.hooks.subprocess.SubprocessHook","filename":"subprocess.py","lineno":99}
{"timestamp":"2026-03-15T15:55:02.625014Z","level":"info","event":"\u001b[0m15:55:02  \u001b[32mCompleted successfully\u001b[0m","logger":"airflow.task.hooks.airflow.providers.standard.hooks.subprocess.SubprocessHook","filename":"subprocess.py","lineno":99}
{"timestamp":"2026-03-15T15:55:02.626187Z","level":"info","event":"\u001b[0m15:55:02","logger":"airflow.task.hooks.airflow.providers.standard.hooks.subprocess.SubprocessHook","filename":"subprocess.py","lineno":99}
{"timestamp":"2026-03-15T15:55:02.629118Z","level":"info","event":"\u001b[0m15:55:02  Done. PASS=8 WARN=0 ERROR=0 SKIP=0 NO-OP=0 TOTAL=8","logger":"airflow.task.hooks.airflow.providers.standard.hooks.subprocess.SubprocessHook","filename":"subprocess.py","lineno":99}
{"timestamp":"2026-03-15T15:55:06.563396Z","level":"info","event":"Command exited with return code 0","logger":"airflow.task.hooks.airflow.providers.standard.hooks.subprocess.SubprocessHook","filename":"subprocess.py","lineno":103}
{"timestamp":"2026-03-15T15:55:06.634369Z","level":"info","event":"Pushing xcom","ti":"RuntimeTaskInstance(id=UUID('019cf232-d1c5-7c3b-a5bd-25250063ff50'), task_id='dbt_run_task', dag_id='aws_dbt_snowflake_project', run_id='manual__2026-03-15T15:52:22.418944+00:00', try_number=1, dag_version_id=UUID('019cf214-226d-7ee5-b2b4-d185f4bf1be7'), map_index=-1, hostname='9870414b35f2', context_carrier={}, task=<Task(_BashDecoratedOperator): dbt_run_task>, bundle_instance=LocalDagBundle(name=dags-folder), max_tries=0, start_date=datetime.datetime(2026, 3, 15, 15, 53, 0, 251170, tzinfo=datetime.timezone.utc), end_date=None, state=<TaskInstanceState.RUNNING: 'running'>, is_mapped=False, rendered_map_index=None)","logger":"task","filename":"task_runner.py","lineno":1522}
