{"timestamp":"2026-03-16T21:36:45.631829Z","level":"info","event":"DAG bundles loaded: dags-folder","logger":"airflow.dag_processing.bundles.manager.DagBundlesManager","filename":"manager.py","lineno":179}
{"timestamp":"2026-03-16T21:36:45.636201Z","level":"info","event":"Filling up the DagBag from /opt/airflow/dags/airbnb_pipeline.py","logger":"airflow.models.dagbag.BundleDagBag","filename":"dagbag.py","lineno":593}
{"timestamp":"2026-03-16T21:36:45.867158Z","level":"info","event":"Tmp dir root location: /tmp","logger":"airflow.task.hooks.airflow.providers.standard.hooks.subprocess.SubprocessHook","filename":"subprocess.py","lineno":78}
{"timestamp":"2026-03-16T21:36:45.872766Z","level":"info","event":"Running command: ['/usr/bin/bash', '-c', 'cd /opt/airflow/dbt_project && dbt run --select silver --profiles-dir .']","logger":"airflow.task.hooks.airflow.providers.standard.hooks.subprocess.SubprocessHook","filename":"subprocess.py","lineno":80}
{"timestamp":"2026-03-16T21:36:45.876762Z","level":"info","event":"Output:","logger":"airflow.task.hooks.airflow.providers.standard.hooks.subprocess.SubprocessHook","filename":"subprocess.py","lineno":92}
{"timestamp":"2026-03-16T21:36:48.532625Z","level":"info","event":"\u001b[0m21:36:48  Running with dbt=1.11.7","logger":"airflow.task.hooks.airflow.providers.standard.hooks.subprocess.SubprocessHook","filename":"subprocess.py","lineno":99}
{"timestamp":"2026-03-16T21:36:50.002928Z","level":"info","event":"\u001b[0m21:36:50  Registered adapter: snowflake=1.11.3","logger":"airflow.task.hooks.airflow.providers.standard.hooks.subprocess.SubprocessHook","filename":"subprocess.py","lineno":99}
{"timestamp":"2026-03-16T21:36:51.188410Z","level":"info","event":"\u001b[0m21:36:51  Found 11 models, 3 analyses, 1 test, 1 seed, 3 snapshots, 3 sources, 526 macros","logger":"airflow.task.hooks.airflow.providers.standard.hooks.subprocess.SubprocessHook","filename":"subprocess.py","lineno":99}
{"timestamp":"2026-03-16T21:36:51.194186Z","level":"info","event":"\u001b[0m21:36:51","logger":"airflow.task.hooks.airflow.providers.standard.hooks.subprocess.SubprocessHook","filename":"subprocess.py","lineno":99}
{"timestamp":"2026-03-16T21:36:51.196460Z","level":"info","event":"\u001b[0m21:36:51  Concurrency: 1 threads (target='dev')","logger":"airflow.task.hooks.airflow.providers.standard.hooks.subprocess.SubprocessHook","filename":"subprocess.py","lineno":99}
{"timestamp":"2026-03-16T21:36:51.197960Z","level":"info","event":"\u001b[0m21:36:51","logger":"airflow.task.hooks.airflow.providers.standard.hooks.subprocess.SubprocessHook","filename":"subprocess.py","lineno":99}
{"timestamp":"2026-03-16T21:36:53.172927Z","level":"info","event":"\u001b[0m21:36:53  1 of 3 START sql incremental model silver.silver_bookings ...................... [RUN]","logger":"airflow.task.hooks.airflow.providers.standard.hooks.subprocess.SubprocessHook","filename":"subprocess.py","lineno":99}
{"timestamp":"2026-03-16T21:36:55.749698Z","level":"info","event":"\u001b[0m21:36:55  1 of 3 OK created sql incremental model silver.silver_bookings ................. [\u001b[32mSUCCESS 0\u001b[0m in 2.57s]","logger":"airflow.task.hooks.airflow.providers.standard.hooks.subprocess.SubprocessHook","filename":"subprocess.py","lineno":99}
{"timestamp":"2026-03-16T21:36:55.753193Z","level":"info","event":"\u001b[0m21:36:55  2 of 3 START sql incremental model silver.silver_hosts ......................... [RUN]","logger":"airflow.task.hooks.airflow.providers.standard.hooks.subprocess.SubprocessHook","filename":"subprocess.py","lineno":99}
{"timestamp":"2026-03-16T21:36:57.878505Z","level":"info","event":"\u001b[0m21:36:57  2 of 3 OK created sql incremental model silver.silver_hosts .................... [\u001b[32mSUCCESS 200\u001b[0m in 2.12s]","logger":"airflow.task.hooks.airflow.providers.standard.hooks.subprocess.SubprocessHook","filename":"subprocess.py","lineno":99}
{"timestamp":"2026-03-16T21:36:57.881785Z","level":"info","event":"\u001b[0m21:36:57  3 of 3 START sql incremental model silver.silver_listings ...................... [RUN]","logger":"airflow.task.hooks.airflow.providers.standard.hooks.subprocess.SubprocessHook","filename":"subprocess.py","lineno":99}
{"timestamp":"2026-03-16T21:37:00.336585Z","level":"info","event":"\u001b[0m21:37:00  3 of 3 OK created sql incremental model silver.silver_listings ................. [\u001b[32mSUCCESS 500\u001b[0m in 2.45s]","logger":"airflow.task.hooks.airflow.providers.standard.hooks.subprocess.SubprocessHook","filename":"subprocess.py","lineno":99}
{"timestamp":"2026-03-16T21:37:00.741993Z","level":"info","event":"\u001b[0m21:37:00","logger":"airflow.task.hooks.airflow.providers.standard.hooks.subprocess.SubprocessHook","filename":"subprocess.py","lineno":99}
{"timestamp":"2026-03-16T21:37:00.743312Z","level":"info","event":"\u001b[0m21:37:00  Finished running 3 incremental models in 0 hours 0 minutes and 9.54 seconds (9.54s).","logger":"airflow.task.hooks.airflow.providers.standard.hooks.subprocess.SubprocessHook","filename":"subprocess.py","lineno":99}
{"timestamp":"2026-03-16T21:37:00.822562Z","level":"info","event":"\u001b[0m21:37:00","logger":"airflow.task.hooks.airflow.providers.standard.hooks.subprocess.SubprocessHook","filename":"subprocess.py","lineno":99}
{"timestamp":"2026-03-16T21:37:00.823567Z","level":"info","event":"\u001b[0m21:37:00  \u001b[32mCompleted successfully\u001b[0m","logger":"airflow.task.hooks.airflow.providers.standard.hooks.subprocess.SubprocessHook","filename":"subprocess.py","lineno":99}
{"timestamp":"2026-03-16T21:37:00.824643Z","level":"info","event":"\u001b[0m21:37:00","logger":"airflow.task.hooks.airflow.providers.standard.hooks.subprocess.SubprocessHook","filename":"subprocess.py","lineno":99}
{"timestamp":"2026-03-16T21:37:00.825655Z","level":"info","event":"\u001b[0m21:37:00  Done. PASS=3 WARN=0 ERROR=0 SKIP=0 NO-OP=0 TOTAL=3","logger":"airflow.task.hooks.airflow.providers.standard.hooks.subprocess.SubprocessHook","filename":"subprocess.py","lineno":99}
{"timestamp":"2026-03-16T21:37:03.138163Z","level":"info","event":"Command exited with return code 0","logger":"airflow.task.hooks.airflow.providers.standard.hooks.subprocess.SubprocessHook","filename":"subprocess.py","lineno":103}
{"timestamp":"2026-03-16T21:37:03.139303Z","level":"info","event":"Pushing xcom","ti":"RuntimeTaskInstance(id=UUID('019cf894-28e0-7521-91bc-4c8a2e4d849e'), task_id='dbt_silver', dag_id='aws_dbt_snowflake_project', run_id='manual__2026-03-16T21:36:25.258907+00:00', try_number=1, dag_version_id=UUID('019cf28f-af4b-701b-9358-f45c28c3b2e3'), map_index=-1, hostname='9870414b35f2', context_carrier={}, task=<Task(_BashDecoratedOperator): dbt_silver>, bundle_instance=LocalDagBundle(name=dags-folder), max_tries=0, start_date=datetime.datetime(2026, 3, 16, 21, 36, 45, 367424, tzinfo=datetime.timezone.utc), end_date=None, state=<TaskInstanceState.RUNNING: 'running'>, is_mapped=False, rendered_map_index=None)","logger":"task","filename":"task_runner.py","lineno":1522}
